15:40:11: Creating resource group General
15:40:11: Creating resource group Internal
15:40:11: Creating resource group Autodetect
15:40:11: SceneManagerFactory for type 'DefaultSceneManager' registered.
15:40:11: Registering ResourceManager for type Material
15:40:11: Registering ResourceManager for type Mesh
15:40:11: Registering ResourceManager for type Skeleton
15:40:11: MovableObjectFactory for type 'ParticleSystem' registered.
15:40:11: OverlayElementFactory for type Panel registered.
15:40:11: OverlayElementFactory for type BorderPanel registered.
15:40:11: OverlayElementFactory for type TextArea registered.
15:40:11: Registering ResourceManager for type Font
15:40:11: ArchiveFactory for archive type FileSystem registered.
15:40:11: ArchiveFactory for archive type Zip registered.
15:40:11: FreeImage version: 3.10.0
15:40:11: This program uses FreeImage, a free, open source image library supporting all common bitmap formats. See http://freeimage.sourceforge.net for details
15:40:11: Supported formats: bmp,ico,jpg,jif,jpeg,jpe,jng,koa,iff,lbm,mng,pbm,pbm,pcd,pcx,pgm,pgm,png,ppm,ppm,ras,tga,targa,tif,tiff,wap,wbmp,wbm,psd,cut,xbm,xpm,gif,hdr,g3,sgi,exr,j2k,j2c,jp2
15:40:11: DDS codec registering
15:40:11: Registering ResourceManager for type HighLevelGpuProgram
15:40:11: Registering ResourceManager for type Compositor
15:40:11: MovableObjectFactory for type 'Entity' registered.
15:40:11: MovableObjectFactory for type 'Light' registered.
15:40:11: MovableObjectFactory for type 'BillboardSet' registered.
15:40:11: MovableObjectFactory for type 'ManualObject' registered.
15:40:11: MovableObjectFactory for type 'BillboardChain' registered.
15:40:11: MovableObjectFactory for type 'RibbonTrail' registered.
15:40:11: Loading library .\RenderSystem_Direct3D9
15:40:11: Installing plugin: D3D9 RenderSystem
15:40:11: D3D9 : Direct3D9 Rendering Subsystem created.
15:40:11: D3D9: Driver Detection Starts
15:40:11: D3D9: Driver Detection Ends
15:40:11: Plugin successfully installed
15:40:11: Loading library .\RenderSystem_GL
15:40:11: Installing plugin: GL RenderSystem
15:40:11: OpenGL Rendering Subsystem created.
15:40:11: Plugin successfully installed
15:40:11: Loading library .\Plugin_ParticleFX
15:40:11: Installing plugin: ParticleFX
15:40:11: Particle Emitter Type 'Point' registered
15:40:11: Particle Emitter Type 'Box' registered
15:40:11: Particle Emitter Type 'Ellipsoid' registered
15:40:11: Particle Emitter Type 'Cylinder' registered
15:40:11: Particle Emitter Type 'Ring' registered
15:40:11: Particle Emitter Type 'HollowEllipsoid' registered
15:40:11: Particle Affector Type 'LinearForce' registered
15:40:11: Particle Affector Type 'ColourFader' registered
15:40:11: Particle Affector Type 'ColourFader2' registered
15:40:11: Particle Affector Type 'ColourImage' registered
15:40:11: Particle Affector Type 'ColourInterpolator' registered
15:40:11: Particle Affector Type 'Scaler' registered
15:40:11: Particle Affector Type 'Rotator' registered
15:40:11: Particle Affector Type 'DirectionRandomiser' registered
15:40:11: Particle Affector Type 'DeflectorPlane' registered
15:40:11: Plugin successfully installed
15:40:11: Loading library .\Plugin_BSPSceneManager
15:40:11: Installing plugin: BSP Scene Manager
15:40:11: Plugin successfully installed
15:40:11: Loading library .\Plugin_OctreeSceneManager
15:40:11: Installing plugin: Octree & Terrain Scene Manager
15:40:11: Plugin successfully installed
15:40:11: Loading library .\Plugin_CgProgramManager
15:40:11: Installing plugin: Cg Program Manager
15:40:12: Plugin successfully installed
15:40:12: *-*-* OGRE Initialising
15:40:12: *-*-* Version 1.4.6 (Eihort)
15:40:12: Creating resource group Bootstrap
15:40:12: Added resource location 'media/packs/OgreCore.zip' of type 'Zip' to resource group 'Bootstrap'
15:40:12: Added resource location 'media' of type 'FileSystem' to resource group 'General'
15:40:12: Added resource location 'media/fonts' of type 'FileSystem' to resource group 'General'
15:40:12: Added resource location 'media/materials/programs' of type 'FileSystem' to resource group 'General'
15:40:12: Added resource location 'media/materials/scripts' of type 'FileSystem' to resource group 'General'
15:40:12: Added resource location 'media/materials/textures' of type 'FileSystem' to resource group 'General'
15:40:12: Added resource location 'media/models' of type 'FileSystem' to resource group 'General'
15:40:12: Added resource location 'media/overlays' of type 'FileSystem' to resource group 'General'
15:40:12: Added resource location 'media/particle' of type 'FileSystem' to resource group 'General'
15:40:12: Added resource location 'media/gui' of type 'FileSystem' to resource group 'General'
15:40:12: Added resource location 'media/DeferredShadingMedia' of type 'FileSystem' to resource group 'General'
15:40:12: Added resource location 'media/packs/cubemap.zip' of type 'Zip' to resource group 'General'
15:40:12: Added resource location 'media/packs/cubemapsJS.zip' of type 'Zip' to resource group 'General'
15:40:12: Added resource location 'media/packs/dragon.zip' of type 'Zip' to resource group 'General'
15:40:12: Added resource location 'media/packs/fresneldemo.zip' of type 'Zip' to resource group 'General'
15:40:12: Added resource location 'media/packs/ogretestmap.zip' of type 'Zip' to resource group 'General'
15:40:12: Added resource location 'media/packs/skybox.zip' of type 'Zip' to resource group 'General'
15:40:12: D3D9 : RenderSystem Option: Allow NVPerfHUD = No
15:40:12: D3D9 : RenderSystem Option: Anti aliasing = None
15:40:12: D3D9 : RenderSystem Option: Floating-point mode = Fastest
15:40:12: D3D9 : RenderSystem Option: Full Screen = No
15:40:12: D3D9 : RenderSystem Option: Rendering Device = NVIDIA GeForce 8800 GTX
15:40:12: D3D9 : RenderSystem Option: VSync = No
15:40:12: D3D9 : RenderSystem Option: Video Mode = 800 x 600 @ 32-bit colour
15:40:12: CPU Identifier & Features
15:40:12: -------------------------
15:40:12:  *   CPU ID: GenuineIntel: Intel(R) Core(TM)2 CPU          6600  @ 2.40GHz
15:40:12:  *      SSE: yes
15:40:12:  *     SSE2: yes
15:40:12:  *     SSE3: yes
15:40:12:  *      MMX: yes
15:40:12:  *   MMXEXT: yes
15:40:12:  *    3DNOW: no
15:40:12:  * 3DNOWEXT: no
15:40:12:  *     CMOV: yes
15:40:12:  *      TSC: yes
15:40:12:  *      FPU: yes
15:40:12:  *      PRO: yes
15:40:12:  *       HT: no
15:40:12: -------------------------
15:40:12: D3D9 : Subsystem Initialising
15:40:12: D3D9RenderSystem::createRenderWindow "OGRE Render Window", 800x600 windowed  miscParams: FSAA=0 FSAAQuality=0 colourDepth=32 useNVPerfHUD=false vsync=false 
15:40:12: D3D9 : Created D3D9 Rendering Window 'OGRE Render Window' : 800x600, 32bpp
15:40:12: D3D9 : WARNING - disabling VSync in windowed mode can cause timing issues at lower frame rates, turn VSync on if you observe this problem.
15:40:12: Registering ResourceManager for type Texture
15:40:12: Registering ResourceManager for type GpuProgram
15:40:12: Multiple render targets with independent bit depths supported
15:40:12: D3D9: Vertex texture format supported - PF_FLOAT16_RGB
15:40:12: D3D9: Vertex texture format supported - PF_FLOAT16_RGBA
15:40:12: D3D9: Vertex texture format supported - PF_FLOAT32_RGB
15:40:12: D3D9: Vertex texture format supported - PF_FLOAT32_RGBA
15:40:12: D3D9: Vertex texture format supported - PF_FLOAT16_R
15:40:12: D3D9: Vertex texture format supported - PF_FLOAT32_R
15:40:12: D3D9: Vertex texture format supported - PF_FLOAT16_GR
15:40:12: D3D9: Vertex texture format supported - PF_FLOAT32_GR
15:40:12: RenderSystem capabilities
15:40:12: -------------------------
15:40:12:  * Hardware generation of mipmaps: yes
15:40:12:  * Texture blending: yes
15:40:12:  * Anisotropic texture filtering: yes
15:40:12:  * Dot product texture operation: yes
15:40:12:  * Cube mapping: yes
15:40:12:  * Hardware stencil buffer: yes
15:40:12:    - Stencil depth: 8
15:40:12:    - Two sided stencil support: yes
15:40:12:    - Wrap stencil values: yes
15:40:12:  * Hardware vertex / index buffers: yes
15:40:12:  * Vertex programs: yes
15:40:12:    - Max vertex program version: vs_3_0
15:40:12:  * Fragment programs: yes
15:40:12:    - Max fragment program version: ps_3_0
15:40:12:  * Texture Compression: yes
15:40:12:    - DXT: yes
15:40:12:    - VTC: no
15:40:12:  * Scissor Rectangle: yes
15:40:12:  * Hardware Occlusion Query: yes
15:40:12:  * User clip planes: yes
15:40:12:  * VET_UBYTE4 vertex element type: yes
15:40:12:  * Infinite far plane projection: yes
15:40:12:  * Hardware render-to-texture: yes
15:40:12:  * Floating point textures: yes
15:40:12:  * Non-power-of-two textures: yes
15:40:12:  * Volume textures: yes
15:40:12:  * Multiple Render Targets: 4
15:40:12:  * Point Sprites: yes
15:40:12:  * Extended point parameters: yes
15:40:12:  * Max Point Size: 8192
15:40:12:  * Vertex texture fetch: yes
15:40:12:    - Max vertex textures: 4
15:40:12:    - Vertex textures shared: no
15:40:12: ***************************************
15:40:12: *** D3D9 : Subsystem Initialised OK ***
15:40:12: ***************************************
15:40:12: ResourceBackgroundQueue - threading disabled
15:40:12: Particle Renderer Type 'billboard' registered
15:40:12: SceneManagerFactory for type 'BspSceneManager' registered.
15:40:12: Registering ResourceManager for type BspLevel
15:40:12: SceneManagerFactory for type 'OctreeSceneManager' registered.
15:40:12: SceneManagerFactory for type 'TerrainSceneManager' registered.
15:40:12: Creating viewport on target 'OGRE Render Window', rendering from camera 'SceneCamera', relative dimensions L: 0.00 T: 0.00 W: 1.00 H: 1.00 ZOrder: 0
15:40:12: Parsing scripts for resource group Autodetect
15:40:12: Finished parsing scripts for resource group Autodetect
15:40:12: Parsing scripts for resource group Bootstrap
15:40:12: Parsing script OgreCore.material
15:40:12: Parsing script OgreProfiler.material
15:40:12: Parsing script Ogre.fontdef
15:40:12: Parsing script OgreDebugPanel.overlay
15:40:12: Texture: New_Ogre_Border_Center.png: Loading 1 faces(PF_A8R8G8B8,256x128x1) with  hardware generated mipmaps from Image. Internal format is PF_A8R8G8B8,256x128x1.
15:40:12: Texture: New_Ogre_Border.png: Loading 1 faces(PF_A8R8G8B8,256x256x1) with  hardware generated mipmaps from Image. Internal format is PF_A8R8G8B8,256x256x1.
15:40:12: Texture: New_Ogre_Border_Break.png: Loading 1 faces(PF_A8R8G8B8,32x32x1) with  hardware generated mipmaps from Image. Internal format is PF_A8R8G8B8,32x32x1.
15:40:12: Font BlueHighwayusing texture size 512x512
15:40:12: Info: Freetype returned null for character 127 in font BlueHighway
15:40:12: Info: Freetype returned null for character 128 in font BlueHighway
15:40:12: Info: Freetype returned null for character 129 in font BlueHighway
15:40:12: Info: Freetype returned null for character 130 in font BlueHighway
15:40:12: Info: Freetype returned null for character 131 in font BlueHighway
15:40:12: Info: Freetype returned null for character 132 in font BlueHighway
15:40:12: Info: Freetype returned null for character 133 in font BlueHighway
15:40:12: Info: Freetype returned null for character 134 in font BlueHighway
15:40:12: Info: Freetype returned null for character 135 in font BlueHighway
15:40:12: Info: Freetype returned null for character 136 in font BlueHighway
15:40:12: Info: Freetype returned null for character 137 in font BlueHighway
15:40:12: Info: Freetype returned null for character 138 in font BlueHighway
15:40:12: Info: Freetype returned null for character 139 in font BlueHighway
15:40:12: Info: Freetype returned null for character 140 in font BlueHighway
15:40:12: Info: Freetype returned null for character 141 in font BlueHighway
15:40:12: Info: Freetype returned null for character 142 in font BlueHighway
15:40:12: Info: Freetype returned null for character 143 in font BlueHighway
15:40:12: Info: Freetype returned null for character 144 in font BlueHighway
15:40:12: Info: Freetype returned null for character 145 in font BlueHighway
15:40:12: Info: Freetype returned null for character 146 in font BlueHighway
15:40:12: Info: Freetype returned null for character 147 in font BlueHighway
15:40:12: Info: Freetype returned null for character 148 in font BlueHighway
15:40:12: Info: Freetype returned null for character 149 in font BlueHighway
15:40:12: Info: Freetype returned null for character 150 in font BlueHighway
15:40:12: Info: Freetype returned null for character 151 in font BlueHighway
15:40:12: Info: Freetype returned null for character 152 in font BlueHighway
15:40:12: Info: Freetype returned null for character 153 in font BlueHighway
15:40:12: Info: Freetype returned null for character 154 in font BlueHighway
15:40:12: Info: Freetype returned null for character 155 in font BlueHighway
15:40:12: Info: Freetype returned null for character 156 in font BlueHighway
15:40:12: Info: Freetype returned null for character 157 in font BlueHighway
15:40:12: Info: Freetype returned null for character 158 in font BlueHighway
15:40:12: Info: Freetype returned null for character 159 in font BlueHighway
15:40:12: Info: Freetype returned null for character 160 in font BlueHighway
15:40:12: Texture: BlueHighwayTexture: Loading 1 faces(PF_BYTE_LA,512x512x1) with 0 generated mipmaps from Image. Internal format is PF_BYTE_LA,512x512x1.
15:40:12: Texture: ogretext.png: Loading 1 faces(PF_A8R8G8B8,256x128x1) with  hardware generated mipmaps from Image. Internal format is PF_A8R8G8B8,256x128x1.
15:40:12: Parsing script OgreLoadingPanel.overlay
15:40:12: Finished parsing scripts for resource group Bootstrap
15:40:12: Parsing scripts for resource group General
15:40:12: Parsing script Examples.program
15:40:12: Parsing script StdQuad_vp.program
15:40:12: Parsing script deferred.glsl.program
15:40:12: Parsing script deferred.hlsl.program
15:40:12: Parsing script deferred_post_debug.glsl.program
15:40:12: Parsing script deferred_post_debug.hlsl.program
15:40:12: Parsing script deferred_post_minilight.glsl.program
15:40:12: Parsing script deferred_post_minilight.hlsl.program
15:40:12: OGRE EXCEPTION(2:InvalidParametersException): Parameter called lightSpecularColor does not exist.  in GpuProgramParameters::_findNamedConstantDefinition at ..\src\OgreGpuProgram.cpp (line 883)
15:40:12: Error at line 29 of deferred_post_minilight.hlsl.program: Invalid param_named_auto attribute - Parameter called lightSpecularColor does not exist. 
15:40:12: Parsing script deferred_post_multipass.glsl.program
15:40:12: Parsing script deferred_post_multipass.hlsl.program
15:40:12: Parsing script deferred_post_onepass.glsl.program
15:40:12: Parsing script deferred_post_onepass.hlsl.program
15:40:12: Parsing script BlackAndWhite.material
15:40:12: Parsing script Bloom.material
15:40:12: Parsing script DepthShadowmap.material
15:40:12: Parsing script DOF.material
15:40:12: Parsing script Embossed.material
15:40:12: Parsing script Example-DynTex.material
15:40:12: Parsing script Example-Water.material
15:40:12: Parsing script Example.material
15:40:12: Parsing script Examples-Advanced.material
15:40:12: Parsing script facial.material
15:40:12: Parsing script Glass.material
15:40:12: Parsing script hdr.material
15:40:12: Parsing script HeatVision.material
15:40:12: Parsing script Hurt.material
15:40:12: Parsing script instancing.material
15:40:12: Parsing script Invert.material
15:40:12: Parsing script Laplace.material
15:40:12: Parsing script MotionBlur.material
15:40:12: Parsing script Ocean.material
15:40:12: Parsing script OffsetMapping.material
15:40:12: Parsing script Ogre.material
15:40:12: Parsing script OldMovie.material
15:40:12: Parsing script OldTV.material
15:40:12: Parsing script Posterize.material
15:40:12: Parsing script RZR-002.material
15:40:12: Parsing script SharpenEdges.material
15:40:12: Parsing script smoke.material
15:40:12: Parsing script Tiling.material
15:40:12: Parsing script VarianceShadowmap.material
15:40:12: Parsing script wall.material
15:40:12: Parsing script deferred.material
15:40:12: Parsing script deferreddemo.material
15:40:12: Parsing script deferred_post_debug.material
15:40:12: Parsing script deferred_post_minilight.material
15:40:12: Parsing script deferred_post_multipass.material
15:40:12: Parsing script deferred_post_onepass.material
15:40:12: Parsing script RomanBath.material
15:40:12: Parsing script Examples.compositor
15:40:13: Parsing script sample.fontdef
15:40:13: Parsing script emitted_emitter.particle
15:40:13: Parsing script Example-Water.particle
15:40:13: Parsing script Example.particle
15:40:13: Parsing script smoke.particle
15:40:13: Parsing script Compositor.overlay
15:40:13: Parsing script DP3.overlay
15:40:13: Parsing script Example-CubeMapping.overlay
15:40:13: Parsing script Example-DynTex.overlay
15:40:13: Parsing script Example-Water.overlay
15:40:13: Parsing script Shadows.overlay
15:40:13: Finished parsing scripts for resource group General
15:40:13: Parsing scripts for resource group Internal
15:40:13: Finished parsing scripts for resource group Internal
15:40:13: *** Initializing OIS ***
15:40:13: Texture: TaharezLook.tga: Loading 1 faces(PF_A8R8G8B8,256x256x1) with 0 generated mipmaps from Image. Internal format is PF_A8R8G8B8,256x256x1.
15:40:13: Texture: _cegui_ogre_0: Loading 1 faces(PF_A8R8G8B8,256x256x1) with 0 generated mipmaps from Image. Internal format is PF_A8R8G8B8,256x256x1.
15:40:13: Texture: map2.jpg: Loading 1 faces(PF_R8G8B8,846x531x1) with 0 generated mipmaps from Image. Internal format is PF_X8R8G8B8,846x531x1.
15:40:13: Texture: player.jpg: Loading 1 faces(PF_R8G8B8,54x54x1) with 0 generated mipmaps from Image. Internal format is PF_X8R8G8B8,54x54x1.
15:40:13: Texture: Dirt.jpg: Loading 1 faces(PF_R8G8B8,256x256x1) with 0 generated mipmaps from Image. Internal format is PF_X8R8G8B8,256x256x1.
15:40:13: Texture: stad.jpg: Loading 1 faces(PF_R8G8B8,800x600x1) with 0 generated mipmaps from Image. Internal format is PF_X8R8G8B8,800x600x1.
15:40:13: Texture: spot_shadow_fade.png: Loading 1 faces(PF_R8G8B8,128x128x1) with  hardware generated mipmaps from Image. Internal format is PF_X8R8G8B8,128x128x1.
15:40:14: Adventure mode started by: Root/Mainmenu/AdventureButton
15:40:15: Adventure mode started by: Root/Adventure/Easy
15:40:15: Loading level!
15:40:15: WARNING: Mesh instance 'wallmesh' was defined as manually loaded, but no manual loader was provided. This Resource will be lost if it has to be reloaded.
15:40:15: Mesh: Loading robot.mesh.
15:40:15: Skeleton: Loading robot.skeleton
15:40:15: Texture: r2skin.jpg: Loading 1 faces(PF_R8G8B8,512x512x1) with  hardware generated mipmaps from Image. Internal format is PF_X8R8G8B8,512x512x1.
15:40:15: Adding a switch on 0,0
15:40:15: Setting starting position at 2,0
15:40:15: Mesh: Loading barrel.mesh.
15:40:15: Texture: RustyBarrel.png: Loading 1 faces(PF_R8G8B8,256x256x1) with  hardware generated mipmaps from Image. Internal format is PF_X8R8G8B8,256x256x1.
15:40:15: Adding an item on 5,1
15:40:15: Mesh: Loading athene.mesh.
15:40:15: Can't assign material 1 - Default to SubEntity of monster12 because this Material does not exist. Have you forgotten to define it in a .material script?
15:40:15: Adding a monster on 0,2
15:40:15: Mesh: Loading ninja.mesh.
15:40:15: Skeleton: Loading ninja.skeleton
15:40:15: Texture: nskingr.jpg: Loading 1 faces(PF_R8G8B8,512x512x1) with  hardware generated mipmaps from Image. Internal format is PF_X8R8G8B8,512x512x1.
15:40:15: Adding a ninja on 3,2
15:40:15: Can't assign material 1 - Default to SubEntity of monster16 because this Material does not exist. Have you forgotten to define it in a .material script?
15:40:15: Adding a monster on 4,2
15:40:15: Adding an item on 4,3
15:40:15: Adding an item on 2,4
15:40:15: Mesh: Loading ogrehead.mesh.
15:40:15: Texture: WeirdEye.png: Loading 1 faces(PF_R8G8B8,256x256x1) with  hardware generated mipmaps from Image. Internal format is PF_X8R8G8B8,256x256x1.
15:40:15: Texture: GreenSkin.jpg: Loading 1 faces(PF_R8G8B8,256x256x1) with  hardware generated mipmaps from Image. Internal format is PF_X8R8G8B8,256x256x1.
15:40:15: Texture: spheremap.png: Loading 1 faces(PF_R8G8B8,256x256x1) with  hardware generated mipmaps from Image. Internal format is PF_X8R8G8B8,256x256x1.
15:40:15: Texture: dirt01.jpg: Loading 1 faces(PF_R8G8B8,96x96x1) with 5 generated mipmaps from Image. Internal format is PF_X8R8G8B8,96x96x1.
15:40:15: Adding a key on 0,5
15:40:15: Can't assign material 1 - Default to SubEntity of monster34 because this Material does not exist. Have you forgotten to define it in a .material script?
15:40:15: Adding a monster on 4,5
15:40:15: Texture: rockwall.tga: Loading 1 faces(PF_R8G8B8,256x256x1) with  hardware generated mipmaps from Image. Internal format is PF_X8R8G8B8,256x256x1.
15:40:25: Starting battle with Kraanda the Terrible
15:40:31: Unregistering ResourceManager for type BspLevel
15:40:31: *-*-* OGRE Shutdown
15:40:31: Unregistering ResourceManager for type Compositor
15:40:31: Unregistering ResourceManager for type Font
15:40:31: Unregistering ResourceManager for type Skeleton
15:40:31: Unregistering ResourceManager for type Mesh
15:40:31: Unregistering ResourceManager for type HighLevelGpuProgram
15:40:31: Uninstalling plugin: Cg Program Manager
15:40:31: Plugin successfully uninstalled
15:40:31: Unloading library .\Plugin_CgProgramManager
15:40:31: Uninstalling plugin: Octree & Terrain Scene Manager
15:40:31: Plugin successfully uninstalled
15:40:31: Unloading library .\Plugin_OctreeSceneManager
15:40:31: Uninstalling plugin: BSP Scene Manager
15:40:31: Plugin successfully uninstalled
15:40:31: Unloading library .\Plugin_BSPSceneManager
15:40:31: Uninstalling plugin: ParticleFX
15:40:31: Plugin successfully uninstalled
15:40:31: Unloading library .\Plugin_ParticleFX
15:40:31: Uninstalling plugin: GL RenderSystem
15:40:31: *** Stopping Win32GL Subsystem ***
15:40:31: Plugin successfully uninstalled
15:40:31: Unloading library .\RenderSystem_GL
15:40:31: Uninstalling plugin: D3D9 RenderSystem
15:40:31: Render Target 'OGRE Render Window' Average FPS: 738.774 Best FPS: 4934.07 Worst FPS: 572.428
15:40:31: D3D9 : Shutting down cleanly.
15:40:31: Unregistering ResourceManager for type Texture
15:40:31: Unregistering ResourceManager for type GpuProgram
15:40:31: D3D9 : Direct3D9 Rendering Subsystem destroyed.
15:40:31: Plugin successfully uninstalled
15:40:31: Unloading library .\RenderSystem_Direct3D9
15:40:31: Unregistering ResourceManager for type Material
