13:19:52: Creating resource group General
13:19:52: Creating resource group Internal
13:19:52: Creating resource group Autodetect
13:19:52: SceneManagerFactory for type 'DefaultSceneManager' registered.
13:19:52: Registering ResourceManager for type Material
13:19:52: Registering ResourceManager for type Mesh
13:19:52: Registering ResourceManager for type Skeleton
13:19:52: MovableObjectFactory for type 'ParticleSystem' registered.
13:19:52: OverlayElementFactory for type Panel registered.
13:19:52: OverlayElementFactory for type BorderPanel registered.
13:19:52: OverlayElementFactory for type TextArea registered.
13:19:52: Registering ResourceManager for type Font
13:19:52: ArchiveFactory for archive type FileSystem registered.
13:19:52: ArchiveFactory for archive type Zip registered.
13:19:52: FreeImage version: 3.10.0
13:19:52: This program uses FreeImage, a free, open source image library supporting all common bitmap formats. See http://freeimage.sourceforge.net for details
13:19:52: Supported formats: bmp,ico,jpg,jif,jpeg,jpe,jng,koa,iff,lbm,mng,pbm,pbm,pcd,pcx,pgm,pgm,png,ppm,ppm,ras,tga,targa,tif,tiff,wap,wbmp,wbm,psd,cut,xbm,xpm,gif,hdr,g3,sgi,exr,j2k,j2c,jp2
13:19:52: DDS codec registering
13:19:52: Registering ResourceManager for type HighLevelGpuProgram
13:19:52: Registering ResourceManager for type Compositor
13:19:52: MovableObjectFactory for type 'Entity' registered.
13:19:52: MovableObjectFactory for type 'Light' registered.
13:19:52: MovableObjectFactory for type 'BillboardSet' registered.
13:19:52: MovableObjectFactory for type 'ManualObject' registered.
13:19:52: MovableObjectFactory for type 'BillboardChain' registered.
13:19:52: MovableObjectFactory for type 'RibbonTrail' registered.
13:19:52: Loading library .\RenderSystem_Direct3D9
13:19:52: Installing plugin: D3D9 RenderSystem
13:19:52: D3D9 : Direct3D9 Rendering Subsystem created.
13:19:52: D3D9: Driver Detection Starts
13:19:52: D3D9: Driver Detection Ends
13:19:52: Plugin successfully installed
13:19:52: Loading library .\RenderSystem_GL
13:19:52: Installing plugin: GL RenderSystem
13:19:52: OpenGL Rendering Subsystem created.
13:19:52: Plugin successfully installed
13:19:52: Loading library .\Plugin_ParticleFX
13:19:52: Installing plugin: ParticleFX
13:19:52: Particle Emitter Type 'Point' registered
13:19:52: Particle Emitter Type 'Box' registered
13:19:52: Particle Emitter Type 'Ellipsoid' registered
13:19:52: Particle Emitter Type 'Cylinder' registered
13:19:52: Particle Emitter Type 'Ring' registered
13:19:52: Particle Emitter Type 'HollowEllipsoid' registered
13:19:52: Particle Affector Type 'LinearForce' registered
13:19:52: Particle Affector Type 'ColourFader' registered
13:19:52: Particle Affector Type 'ColourFader2' registered
13:19:52: Particle Affector Type 'ColourImage' registered
13:19:52: Particle Affector Type 'ColourInterpolator' registered
13:19:52: Particle Affector Type 'Scaler' registered
13:19:52: Particle Affector Type 'Rotator' registered
13:19:52: Particle Affector Type 'DirectionRandomiser' registered
13:19:52: Particle Affector Type 'DeflectorPlane' registered
13:19:52: Plugin successfully installed
13:19:52: Loading library .\Plugin_BSPSceneManager
13:19:52: Installing plugin: BSP Scene Manager
13:19:52: Plugin successfully installed
13:19:52: Loading library .\Plugin_OctreeSceneManager
13:19:52: Installing plugin: Octree & Terrain Scene Manager
13:19:52: Plugin successfully installed
13:19:52: Loading library .\Plugin_CgProgramManager
13:19:52: Installing plugin: Cg Program Manager
13:19:52: Plugin successfully installed
13:19:52: *-*-* OGRE Initialising
13:19:52: *-*-* Version 1.4.6 (Eihort)
13:19:52: Creating resource group Bootstrap
13:19:52: Added resource location 'media/packs/OgreCore.zip' of type 'Zip' to resource group 'Bootstrap'
13:19:52: Added resource location 'media' of type 'FileSystem' to resource group 'General'
13:19:52: Added resource location 'media/fonts' of type 'FileSystem' to resource group 'General'
13:19:52: Added resource location 'media/materials/programs' of type 'FileSystem' to resource group 'General'
13:19:52: Added resource location 'media/materials/scripts' of type 'FileSystem' to resource group 'General'
13:19:52: Added resource location 'media/materials/textures' of type 'FileSystem' to resource group 'General'
13:19:52: Added resource location 'media/models' of type 'FileSystem' to resource group 'General'
13:19:52: Added resource location 'media/overlays' of type 'FileSystem' to resource group 'General'
13:19:52: Added resource location 'media/particle' of type 'FileSystem' to resource group 'General'
13:19:52: Added resource location 'media/gui' of type 'FileSystem' to resource group 'General'
13:19:52: Added resource location 'media/DeferredShadingMedia' of type 'FileSystem' to resource group 'General'
13:19:52: Added resource location 'media/packs/cubemap.zip' of type 'Zip' to resource group 'General'
13:19:52: Added resource location 'media/packs/cubemapsJS.zip' of type 'Zip' to resource group 'General'
13:19:52: Added resource location 'media/packs/dragon.zip' of type 'Zip' to resource group 'General'
13:19:52: Added resource location 'media/packs/fresneldemo.zip' of type 'Zip' to resource group 'General'
13:19:52: Added resource location 'media/packs/ogretestmap.zip' of type 'Zip' to resource group 'General'
13:19:52: Added resource location 'media/packs/skybox.zip' of type 'Zip' to resource group 'General'
13:19:52: D3D9 : RenderSystem Option: Allow NVPerfHUD = No
13:19:52: D3D9 : RenderSystem Option: Anti aliasing = None
13:19:52: D3D9 : RenderSystem Option: Floating-point mode = Fastest
13:19:52: D3D9 : RenderSystem Option: Full Screen = No
13:19:52: D3D9 : RenderSystem Option: Rendering Device = NVIDIA GeForce 8800 GTX
13:19:52: D3D9 : RenderSystem Option: VSync = No
13:19:52: D3D9 : RenderSystem Option: Video Mode = 800 x 600 @ 32-bit colour
13:19:52: CPU Identifier & Features
13:19:52: -------------------------
13:19:52:  *   CPU ID: GenuineIntel: Intel(R) Core(TM)2 CPU          6600  @ 2.40GHz
13:19:52:  *      SSE: yes
13:19:52:  *     SSE2: yes
13:19:52:  *     SSE3: yes
13:19:52:  *      MMX: yes
13:19:52:  *   MMXEXT: yes
13:19:52:  *    3DNOW: no
13:19:52:  * 3DNOWEXT: no
13:19:52:  *     CMOV: yes
13:19:52:  *      TSC: yes
13:19:52:  *      FPU: yes
13:19:52:  *      PRO: yes
13:19:52:  *       HT: no
13:19:52: -------------------------
13:19:52: D3D9 : Subsystem Initialising
13:19:52: D3D9RenderSystem::createRenderWindow "OGRE Render Window", 800x600 windowed  miscParams: FSAA=0 FSAAQuality=0 colourDepth=32 useNVPerfHUD=false vsync=false 
13:19:52: D3D9 : Created D3D9 Rendering Window 'OGRE Render Window' : 800x600, 32bpp
13:19:52: D3D9 : WARNING - disabling VSync in windowed mode can cause timing issues at lower frame rates, turn VSync on if you observe this problem.
13:19:53: Registering ResourceManager for type Texture
13:19:53: Registering ResourceManager for type GpuProgram
13:19:53: Multiple render targets with independent bit depths supported
13:19:53: D3D9: Vertex texture format supported - PF_FLOAT16_RGB
13:19:53: D3D9: Vertex texture format supported - PF_FLOAT16_RGBA
13:19:53: D3D9: Vertex texture format supported - PF_FLOAT32_RGB
13:19:53: D3D9: Vertex texture format supported - PF_FLOAT32_RGBA
13:19:53: D3D9: Vertex texture format supported - PF_FLOAT16_R
13:19:53: D3D9: Vertex texture format supported - PF_FLOAT32_R
13:19:53: D3D9: Vertex texture format supported - PF_FLOAT16_GR
13:19:53: D3D9: Vertex texture format supported - PF_FLOAT32_GR
13:19:53: RenderSystem capabilities
13:19:53: -------------------------
13:19:53:  * Hardware generation of mipmaps: yes
13:19:53:  * Texture blending: yes
13:19:53:  * Anisotropic texture filtering: yes
13:19:53:  * Dot product texture operation: yes
13:19:53:  * Cube mapping: yes
13:19:53:  * Hardware stencil buffer: yes
13:19:53:    - Stencil depth: 8
13:19:53:    - Two sided stencil support: yes
13:19:53:    - Wrap stencil values: yes
13:19:53:  * Hardware vertex / index buffers: yes
13:19:53:  * Vertex programs: yes
13:19:53:    - Max vertex program version: vs_3_0
13:19:53:  * Fragment programs: yes
13:19:53:    - Max fragment program version: ps_3_0
13:19:53:  * Texture Compression: yes
13:19:53:    - DXT: yes
13:19:53:    - VTC: no
13:19:53:  * Scissor Rectangle: yes
13:19:53:  * Hardware Occlusion Query: yes
13:19:53:  * User clip planes: yes
13:19:53:  * VET_UBYTE4 vertex element type: yes
13:19:53:  * Infinite far plane projection: yes
13:19:53:  * Hardware render-to-texture: yes
13:19:53:  * Floating point textures: yes
13:19:53:  * Non-power-of-two textures: yes
13:19:53:  * Volume textures: yes
13:19:53:  * Multiple Render Targets: 4
13:19:53:  * Point Sprites: yes
13:19:53:  * Extended point parameters: yes
13:19:53:  * Max Point Size: 8192
13:19:53:  * Vertex texture fetch: yes
13:19:53:    - Max vertex textures: 4
13:19:53:    - Vertex textures shared: no
13:19:53: ***************************************
13:19:53: *** D3D9 : Subsystem Initialised OK ***
13:19:53: ***************************************
13:19:53: ResourceBackgroundQueue - threading disabled
13:19:53: Particle Renderer Type 'billboard' registered
13:19:53: SceneManagerFactory for type 'BspSceneManager' registered.
13:19:53: Registering ResourceManager for type BspLevel
13:19:53: SceneManagerFactory for type 'OctreeSceneManager' registered.
13:19:53: SceneManagerFactory for type 'TerrainSceneManager' registered.
13:19:53: Creating viewport on target 'OGRE Render Window', rendering from camera 'SceneCamera', relative dimensions L: 0.00 T: 0.00 W: 1.00 H: 1.00 ZOrder: 0
13:19:53: Parsing scripts for resource group Autodetect
13:19:53: Finished parsing scripts for resource group Autodetect
13:19:53: Parsing scripts for resource group Bootstrap
13:19:53: Parsing script OgreCore.material
13:19:53: Parsing script OgreProfiler.material
13:19:53: Parsing script Ogre.fontdef
13:19:53: Parsing script OgreDebugPanel.overlay
13:19:53: Texture: New_Ogre_Border_Center.png: Loading 1 faces(PF_A8R8G8B8,256x128x1) with  hardware generated mipmaps from Image. Internal format is PF_A8R8G8B8,256x128x1.
13:19:53: Texture: New_Ogre_Border.png: Loading 1 faces(PF_A8R8G8B8,256x256x1) with  hardware generated mipmaps from Image. Internal format is PF_A8R8G8B8,256x256x1.
13:19:53: Texture: New_Ogre_Border_Break.png: Loading 1 faces(PF_A8R8G8B8,32x32x1) with  hardware generated mipmaps from Image. Internal format is PF_A8R8G8B8,32x32x1.
13:19:53: Font BlueHighwayusing texture size 512x512
13:19:53: Info: Freetype returned null for character 127 in font BlueHighway
13:19:53: Info: Freetype returned null for character 128 in font BlueHighway
13:19:53: Info: Freetype returned null for character 129 in font BlueHighway
13:19:53: Info: Freetype returned null for character 130 in font BlueHighway
13:19:53: Info: Freetype returned null for character 131 in font BlueHighway
13:19:53: Info: Freetype returned null for character 132 in font BlueHighway
13:19:53: Info: Freetype returned null for character 133 in font BlueHighway
13:19:53: Info: Freetype returned null for character 134 in font BlueHighway
13:19:53: Info: Freetype returned null for character 135 in font BlueHighway
13:19:53: Info: Freetype returned null for character 136 in font BlueHighway
13:19:53: Info: Freetype returned null for character 137 in font BlueHighway
13:19:53: Info: Freetype returned null for character 138 in font BlueHighway
13:19:53: Info: Freetype returned null for character 139 in font BlueHighway
13:19:53: Info: Freetype returned null for character 140 in font BlueHighway
13:19:53: Info: Freetype returned null for character 141 in font BlueHighway
13:19:53: Info: Freetype returned null for character 142 in font BlueHighway
13:19:53: Info: Freetype returned null for character 143 in font BlueHighway
13:19:53: Info: Freetype returned null for character 144 in font BlueHighway
13:19:53: Info: Freetype returned null for character 145 in font BlueHighway
13:19:53: Info: Freetype returned null for character 146 in font BlueHighway
13:19:53: Info: Freetype returned null for character 147 in font BlueHighway
13:19:53: Info: Freetype returned null for character 148 in font BlueHighway
13:19:53: Info: Freetype returned null for character 149 in font BlueHighway
13:19:53: Info: Freetype returned null for character 150 in font BlueHighway
13:19:53: Info: Freetype returned null for character 151 in font BlueHighway
13:19:53: Info: Freetype returned null for character 152 in font BlueHighway
13:19:53: Info: Freetype returned null for character 153 in font BlueHighway
13:19:53: Info: Freetype returned null for character 154 in font BlueHighway
13:19:53: Info: Freetype returned null for character 155 in font BlueHighway
13:19:53: Info: Freetype returned null for character 156 in font BlueHighway
13:19:53: Info: Freetype returned null for character 157 in font BlueHighway
13:19:53: Info: Freetype returned null for character 158 in font BlueHighway
13:19:53: Info: Freetype returned null for character 159 in font BlueHighway
13:19:53: Info: Freetype returned null for character 160 in font BlueHighway
13:19:53: Texture: BlueHighwayTexture: Loading 1 faces(PF_BYTE_LA,512x512x1) with 0 generated mipmaps from Image. Internal format is PF_BYTE_LA,512x512x1.
13:19:53: Texture: ogretext.png: Loading 1 faces(PF_A8R8G8B8,256x128x1) with  hardware generated mipmaps from Image. Internal format is PF_A8R8G8B8,256x128x1.
13:19:53: Parsing script OgreLoadingPanel.overlay
13:19:53: Finished parsing scripts for resource group Bootstrap
13:19:53: Parsing scripts for resource group General
13:19:53: Parsing script Examples.program
13:19:53: Parsing script StdQuad_vp.program
13:19:53: Parsing script deferred.glsl.program
13:19:53: Parsing script deferred.hlsl.program
13:19:53: Parsing script deferred_post_debug.glsl.program
13:19:53: Parsing script deferred_post_debug.hlsl.program
13:19:53: Parsing script deferred_post_minilight.glsl.program
13:19:53: Parsing script deferred_post_minilight.hlsl.program
13:19:53: OGRE EXCEPTION(2:InvalidParametersException): Parameter called lightSpecularColor does not exist.  in GpuProgramParameters::_findNamedConstantDefinition at ..\src\OgreGpuProgram.cpp (line 883)
13:19:53: Error at line 29 of deferred_post_minilight.hlsl.program: Invalid param_named_auto attribute - Parameter called lightSpecularColor does not exist. 
13:19:53: Parsing script deferred_post_multipass.glsl.program
13:19:53: Parsing script deferred_post_multipass.hlsl.program
13:19:53: Parsing script deferred_post_onepass.glsl.program
13:19:53: Parsing script deferred_post_onepass.hlsl.program
13:19:53: Parsing script BlackAndWhite.material
13:19:53: Parsing script Bloom.material
13:19:53: Parsing script DepthShadowmap.material
13:19:53: Parsing script DOF.material
13:19:53: Parsing script Embossed.material
13:19:53: Parsing script Example-DynTex.material
13:19:53: Parsing script Example-Water.material
13:19:53: Parsing script Example.material
13:19:53: Parsing script Examples-Advanced.material
13:19:53: Parsing script facial.material
13:19:53: Parsing script Glass.material
13:19:53: Parsing script hdr.material
13:19:53: Parsing script HeatVision.material
13:19:53: Parsing script Hurt.material
13:19:53: Parsing script instancing.material
13:19:53: Parsing script Invert.material
13:19:53: Parsing script Laplace.material
13:19:53: Parsing script MotionBlur.material
13:19:53: Parsing script Ocean.material
13:19:53: Parsing script OffsetMapping.material
13:19:53: Parsing script Ogre.material
13:19:53: Parsing script OldMovie.material
13:19:53: Parsing script OldTV.material
13:19:53: Parsing script Posterize.material
13:19:53: Parsing script RZR-002.material
13:19:53: Parsing script SharpenEdges.material
13:19:53: Parsing script smoke.material
13:19:53: Parsing script Tiling.material
13:19:53: Parsing script VarianceShadowmap.material
13:19:53: Parsing script wall.material
13:19:53: Parsing script deferred.material
13:19:53: Parsing script deferreddemo.material
13:19:53: Parsing script deferred_post_debug.material
13:19:53: Parsing script deferred_post_minilight.material
13:19:53: Parsing script deferred_post_multipass.material
13:19:53: Parsing script deferred_post_onepass.material
13:19:53: Parsing script RomanBath.material
13:19:53: Parsing script Examples.compositor
13:19:53: Parsing script sample.fontdef
13:19:53: Parsing script emitted_emitter.particle
13:19:53: Parsing script Example-Water.particle
13:19:53: Parsing script Example.particle
13:19:53: Parsing script smoke.particle
13:19:53: Parsing script Compositor.overlay
13:19:53: Parsing script DP3.overlay
13:19:53: Parsing script Example-CubeMapping.overlay
13:19:53: Parsing script Example-DynTex.overlay
13:19:53: Parsing script Example-Water.overlay
13:19:53: Parsing script Shadows.overlay
13:19:53: Finished parsing scripts for resource group General
13:19:53: Parsing scripts for resource group Internal
13:19:53: Finished parsing scripts for resource group Internal
13:19:53: *** Initializing OIS ***
13:19:53: Texture: TaharezLook.tga: Loading 1 faces(PF_A8R8G8B8,256x256x1) with 0 generated mipmaps from Image. Internal format is PF_A8R8G8B8,256x256x1.
13:19:53: Texture: _cegui_ogre_0: Loading 1 faces(PF_A8R8G8B8,256x256x1) with 0 generated mipmaps from Image. Internal format is PF_A8R8G8B8,256x256x1.
13:19:53: Texture: stad.jpg: Loading 1 faces(PF_R8G8B8,800x600x1) with 0 generated mipmaps from Image. Internal format is PF_X8R8G8B8,800x600x1.
13:19:53: Texture: spot_shadow_fade.png: Loading 1 faces(PF_R8G8B8,128x128x1) with  hardware generated mipmaps from Image. Internal format is PF_X8R8G8B8,128x128x1.
13:19:54: WARNING: Mesh instance 'wallmesh' was defined as manually loaded, but no manual loader was provided. This Resource will be lost if it has to be reloaded.
13:19:54: Texture: Dirt.jpg: Loading 1 faces(PF_R8G8B8,256x256x1) with  hardware generated mipmaps from Image. Internal format is PF_X8R8G8B8,256x256x1.
13:19:54: Mesh: Loading robot.mesh.
13:19:54: Skeleton: Loading robot.skeleton
13:19:54: Texture: r2skin.jpg: Loading 1 faces(PF_R8G8B8,512x512x1) with  hardware generated mipmaps from Image. Internal format is PF_X8R8G8B8,512x512x1.
13:19:54: Mesh: Loading ogrehead.mesh.
13:19:54: Texture: WeirdEye.png: Loading 1 faces(PF_R8G8B8,256x256x1) with  hardware generated mipmaps from Image. Internal format is PF_X8R8G8B8,256x256x1.
13:19:54: Texture: GreenSkin.jpg: Loading 1 faces(PF_R8G8B8,256x256x1) with  hardware generated mipmaps from Image. Internal format is PF_X8R8G8B8,256x256x1.
13:19:54: Texture: spheremap.png: Loading 1 faces(PF_R8G8B8,256x256x1) with  hardware generated mipmaps from Image. Internal format is PF_X8R8G8B8,256x256x1.
13:19:54: Texture: dirt01.jpg: Loading 1 faces(PF_R8G8B8,96x96x1) with 5 generated mipmaps from Image. Internal format is PF_X8R8G8B8,96x96x1.
13:19:54: Mesh: Loading ninja.mesh.
13:19:54: Skeleton: Loading ninja.skeleton
13:19:54: Texture: nskingr.jpg: Loading 1 faces(PF_R8G8B8,512x512x1) with  hardware generated mipmaps from Image. Internal format is PF_X8R8G8B8,512x512x1.
13:19:54: Texture: rockwall.tga: Loading 1 faces(PF_R8G8B8,256x256x1) with  hardware generated mipmaps from Image. Internal format is PF_X8R8G8B8,256x256x1.
13:20:05: Adventure mode started by: Root/Mainmenu/AdventureButton
13:20:06: Adventure mode started by: Root/Adventure/Easy
13:20:06: Loading level!
13:20:06: Adding a switch on 0,0
13:20:06: Setting starting position at 2,0
13:20:06: Mesh: Loading barrel.mesh.
13:20:06: Texture: RustyBarrel.png: Loading 1 faces(PF_R8G8B8,256x256x1) with  hardware generated mipmaps from Image. Internal format is PF_X8R8G8B8,256x256x1.
13:20:06: Adding an item on 5,1
13:20:06: Mesh: Loading athene.mesh.
13:20:06: Can't assign material 1 - Default to SubEntity of monster12 because this Material does not exist. Have you forgotten to define it in a .material script?
13:20:06: Adding a monster on 0,2
13:20:06: Adding a ninja on 3,2
13:20:06: Can't assign material 1 - Default to SubEntity of monster16 because this Material does not exist. Have you forgotten to define it in a .material script?
13:20:06: Adding a monster on 4,2
13:20:06: Adding an item on 4,3
13:20:06: Adding an item on 2,4
13:20:06: Adding a key on 0,5
13:20:06: Can't assign material 1 - Default to SubEntity of monster34 because this Material does not exist. Have you forgotten to define it in a .material script?
13:20:06: Adding a monster on 4,5
13:20:09: Starting battle with Kraanda the Terrible
13:20:14: Starting battle with Loradril the Intimidating
13:20:18: Starting battle with Gurgaadi the Appalling
13:21:06: Unregistering ResourceManager for type BspLevel
13:21:06: *-*-* OGRE Shutdown
13:21:06: Unregistering ResourceManager for type Compositor
13:21:06: Unregistering ResourceManager for type Font
13:21:06: Unregistering ResourceManager for type Skeleton
13:21:06: Unregistering ResourceManager for type Mesh
13:21:06: Unregistering ResourceManager for type HighLevelGpuProgram
13:21:06: Uninstalling plugin: Cg Program Manager
13:21:06: Plugin successfully uninstalled
13:21:06: Unloading library .\Plugin_CgProgramManager
13:21:06: Uninstalling plugin: Octree & Terrain Scene Manager
13:21:06: Plugin successfully uninstalled
13:21:06: Unloading library .\Plugin_OctreeSceneManager
13:21:06: Uninstalling plugin: BSP Scene Manager
13:21:06: Plugin successfully uninstalled
13:21:06: Unloading library .\Plugin_BSPSceneManager
13:21:06: Uninstalling plugin: ParticleFX
13:21:06: Plugin successfully uninstalled
13:21:06: Unloading library .\Plugin_ParticleFX
13:21:06: Uninstalling plugin: GL RenderSystem
13:21:06: *** Stopping Win32GL Subsystem ***
13:21:06: Plugin successfully uninstalled
13:21:06: Unloading library .\RenderSystem_GL
13:21:06: Uninstalling plugin: D3D9 RenderSystem
13:21:06: Render Target 'OGRE Render Window' Average FPS: 948.364 Best FPS: 4049.95 Worst FPS: 214.357
13:21:06: D3D9 : Shutting down cleanly.
13:21:06: Unregistering ResourceManager for type Texture
13:21:06: Unregistering ResourceManager for type GpuProgram
13:21:06: D3D9 : Direct3D9 Rendering Subsystem destroyed.
13:21:06: Plugin successfully uninstalled
13:21:06: Unloading library .\RenderSystem_Direct3D9
13:21:06: Unregistering ResourceManager for type Material
